<?xml version="1.0" encoding="UTF-8"?>
<!-- Generated by org.testng.reporters.JUnitXMLReporter -->
<testsuite ignored="0" hostname="BeRaT-MacBook-Pro.local" failures="1" tests="3" name="API Tests" time="5.391" errors="0" timestamp="2024-08-19T03:55:35 TRT">
  <testcase classname="com.example.tests.UserAPITest" name="testCreateUser" time="2.91"/>
  <testcase classname="com.example.tests.UserAPITest" name="testCreateUserWithDuplicateEmail" time="1.981"/>
  <testcase classname="com.example.tests.UserAPITest" name="testGetUsers" time="0.428">
    <failure type="java.lang.AssertionError" message="ID should be a 4-digit integer, but found: 7350526 with 7 digits. expected [true] but found [false]">
      <![CDATA[java.lang.AssertionError: ID should be a 4-digit integer, but found: 7350526 with 7 digits. expected [true] but found [false]
at com.example.api.UserAPI.lambda$validateUserIds$0(UserAPI.java:58)
at java.base/java.lang.Iterable.forEach(Iterable.java:75)
at java.base/java.util.Collections$UnmodifiableCollection.forEach(Collections.java:1092)
at com.example.api.UserAPI.validateUserIds(UserAPI.java:54)
at com.example.tests.UserAPITest.testGetUsers(UserAPITest.java:21)
at java.base/java.util.ArrayList.forEach(ArrayList.java:1511)
... Removed 34 stack frames]]>
    </failure>
  </testcase> <!-- testGetUsers -->
</testsuite> <!-- API Tests -->
